<?xml version="1.0" encoding="UTF-8"?>
<!-- Generated by org.testng.reporters.JUnitReportReporter -->
<testsuite hostname="hostname" failures="0" tests="1" name="com.automationtesingwebsite.testsuite.homePage" time="5.217" errors="0" timestamp="2025-01-21T16:54:17 IST" skipped="0">
  <testcase classname="com.automationtesingwebsite.testsuite.homePage" name="test" time="5.217"/>
</testsuite> <!-- com.automationtesingwebsite.testsuite.homePage -->
