<?xml version="1.0" encoding="UTF-8"?>
<!-- Generated by org.testng.reporters.JUnitReportReporter -->
<testsuite hostname="hostname" failures="0" tests="1" name="com.smallAutomation.Ad" time="7.235" errors="0" timestamp="2025-01-21T15:18:47 IST" skipped="0">
  <testcase classname="com.smallAutomation.Ad" name="testcase1" time="7.235"/>
</testsuite> <!-- com.smallAutomation.Ad -->
